<?xml version="1.0" encoding="UTF-8"?>
<testng-results ignored="0" total="2" passed="2" failed="0" skipped="0">
  <reporter-output>
  </reporter-output>
  <suite started-at="2022-10-28T14:53:58 IST" name="Suite" finished-at="2022-10-28T14:53:58 IST" duration-ms="55">
    <groups>
    </groups>
    <test started-at="2022-10-28T14:53:58 IST" name="Test" finished-at="2022-10-28T14:53:58 IST" duration-ms="55">
      <class name="com.mavenproject.AppTest">
        <test-method signature="testLogin1()[pri:0, instance:com.mavenproject.AppTest@4f209819]" started-at="2022-10-28T14:53:58 IST" name="testLogin1" finished-at="2022-10-28T14:53:58 IST" duration-ms="14" status="PASS">
          <reporter-output>
          </reporter-output>
        </test-method> <!-- testLogin1 -->
        <test-method signature="testLogin2()[pri:0, instance:com.mavenproject.AppTest@4f209819]" started-at="2022-10-28T14:53:58 IST" name="testLogin2" finished-at="2022-10-28T14:53:58 IST" duration-ms="0" status="PASS">
          <reporter-output>
          </reporter-output>
        </test-method> <!-- testLogin2 -->
      </class> <!-- com.mavenproject.AppTest -->
    </test> <!-- Test -->
  </suite> <!-- Suite -->
</testng-results>
